  main.cpp
E:\PROGRAMMING\Main Project\Road-to-SIngha-Durbar\Road to Singha Durbar\Road to Singha Durbar\menu.h(64,16): warning C4244: 'initializing': conversion from 'T' to 'float', possible loss of data
          with
          [
              T=int
          ]
E:\PROGRAMMING\Main Project\Road-to-SIngha-Durbar\Road to Singha Durbar\Road to Singha Durbar\menu.h(65,16): warning C4244: 'initializing': conversion from 'T' to 'float', possible loss of data
          with
          [
              T=int
          ]
E:\PROGRAMMING\Main Project\Road-to-SIngha-Durbar\Road to Singha Durbar\Road to Singha Durbar\menu.h(81,16): warning C4244: 'initializing': conversion from 'T' to 'float', possible loss of data
          with
          [
              T=int
          ]
E:\PROGRAMMING\Main Project\Road-to-SIngha-Durbar\Road to Singha Durbar\Road to Singha Durbar\menu.h(82,16): warning C4244: 'initializing': conversion from 'T' to 'float', possible loss of data
          with
          [
              T=int
          ]
E:\PROGRAMMING\Main Project\Road-to-SIngha-Durbar\Road to Singha Durbar\Road to Singha Durbar\ExitScreen.h(66,91): warning C4244: 'argument': conversion from 'double' to 'float', possible loss of data
E:\PROGRAMMING\Main Project\Road-to-SIngha-Durbar\Road to Singha Durbar\Road to Singha Durbar\ExitScreen.h(72,97): warning C4244: 'argument': conversion from 'double' to 'float', possible loss of data
E:\PROGRAMMING\Main Project\Road-to-SIngha-Durbar\Road to Singha Durbar\Road to Singha Durbar\main.cpp(55,41): warning C4244: 'argument': conversion from 'int' to 'float', possible loss of data
E:\PROGRAMMING\Main Project\Road-to-SIngha-Durbar\Road to Singha Durbar\Road to Singha Durbar\main.cpp(71,12): warning C4244: 'argument': conversion from 'time_t' to 'unsigned int', possible loss of data
E:\PROGRAMMING\Main Project\Road-to-SIngha-Durbar\Road to Singha Durbar\Road to Singha Durbar\main.cpp(72,56): warning C4244: 'argument': conversion from 'const T' to 'unsigned int', possible loss of data
          with
          [
              T=float
          ]
E:\PROGRAMMING\Main Project\Road-to-SIngha-Durbar\Road to Singha Durbar\Road to Singha Durbar\main.cpp(72,42): warning C4244: 'argument': conversion from 'const T' to 'unsigned int', possible loss of data
          with
          [
              T=float
          ]
  Road to Singha Durbar.vcxproj -> E:\PROGRAMMING\Main Project\Road-to-SIngha-Durbar\Road to Singha Durbar\Debug\Road to Singha Durbar.exe
